{
  "RSpec": {
    "coverage": {
      "/Users/samanthapeterson/turing/3mod2107/projects/snackr_frontend/config/environment.rb": {
        "lines": [
          null,
          1,
          null,
          null,
          1
        ]
      },
      "/Users/samanthapeterson/turing/3mod2107/projects/snackr_frontend/config/application.rb": {
        "lines": [
          1,
          null,
          1,
          null,
          1,
          1,
          1,
          1,
          1,
          1,
          1,
          1,
          1,
          1,
          1,
          null,
          null,
          null,
          null,
          1,
          null,
          1,
          1,
          null,
          1,
          null,
          null,
          null,
          null,
          null,
          null,
          null,
          null,
          null,
          null,
          1,
          null,
          null
        ]
      },
      "/Users/samanthapeterson/turing/3mod2107/projects/snackr_frontend/config/boot.rb": {
        "lines": [
          1,
          null,
          1,
          1
        ]
      },
      "/Users/samanthapeterson/turing/3mod2107/projects/snackr_frontend/config/environments/test.rb": {
        "lines": [
          1,
          null,
          null,
          null,
          null,
          null,
          null,
          1,
          null,
          null,
          1,
          null,
          null,
          null,
          null,
          1,
          null,
          null,
          1,
          1,
          null,
          null,
          null,
          null,
          1,
          1,
          1,
          null,
          null,
          1,
          null,
          null,
          1,
          null,
          null,
          1,
          null,
          1,
          null,
          null,
          null,
          null,
          1,
          null,
          null,
          1,
          null,
          null,
          1,
          null,
          null,
          1,
          null,
          null,
          null,
          null,
          null,
          null,
          null
        ]
      },
      "/Users/samanthapeterson/turing/3mod2107/projects/snackr_frontend/config/initializers/application_controller_renderer.rb": {
        "lines": [
          null,
          null,
          null,
          null,
          null,
          null,
          null,
          null
        ]
      },
      "/Users/samanthapeterson/turing/3mod2107/projects/snackr_frontend/config/initializers/assets.rb": {
        "lines": [
          null,
          null,
          null,
          1,
          null,
          null,
          null,
          null,
          1,
          null,
          null,
          null,
          null,
          null
        ]
      },
      "/Users/samanthapeterson/turing/3mod2107/projects/snackr_frontend/config/initializers/backtrace_silencers.rb": {
        "lines": [
          null,
          null,
          null,
          null,
          null,
          null,
          null,
          1
        ]
      },
      "/Users/samanthapeterson/turing/3mod2107/projects/snackr_frontend/config/initializers/content_security_policy.rb": {
        "lines": [
          null,
          null,
          null,
          null,
          null,
          null,
          null,
          null,
          null,
          null,
          null,
          null,
          null,
          null,
          null,
          null,
          null,
          null,
          null,
          null,
          null,
          null,
          null,
          null,
          null,
          null,
          null,
          null,
          null,
          null
        ]
      },
      "/Users/samanthapeterson/turing/3mod2107/projects/snackr_frontend/config/initializers/cookies_serializer.rb": {
        "lines": [
          null,
          null,
          null,
          null,
          1
        ]
      },
      "/Users/samanthapeterson/turing/3mod2107/projects/snackr_frontend/config/initializers/filter_parameter_logging.rb": {
        "lines": [
          null,
          null,
          null,
          1,
          null,
          null
        ]
      },
      "/Users/samanthapeterson/turing/3mod2107/projects/snackr_frontend/config/initializers/inflections.rb": {
        "lines": [
          null,
          null,
          null,
          null,
          null,
          null,
          null,
          null,
          null,
          null,
          null,
          null,
          null,
          null,
          null,
          null
        ]
      },
      "/Users/samanthapeterson/turing/3mod2107/projects/snackr_frontend/config/initializers/mime_types.rb": {
        "lines": [
          null,
          null,
          null,
          null
        ]
      },
      "/Users/samanthapeterson/turing/3mod2107/projects/snackr_frontend/config/initializers/omniauth.rb": {
        "lines": [
          1,
          1,
          null,
          1
        ]
      },
      "/Users/samanthapeterson/turing/3mod2107/projects/snackr_frontend/config/initializers/permissions_policy.rb": {
        "lines": [
          null,
          null,
          null,
          null,
          null,
          null,
          null,
          null,
          null,
          null,
          null
        ]
      },
      "/Users/samanthapeterson/turing/3mod2107/projects/snackr_frontend/config/initializers/wrap_parameters.rb": {
        "lines": [
          null,
          null,
          null,
          null,
          null,
          null,
          1,
          2,
          null,
          null,
          null,
          null,
          null,
          null
        ]
      },
      "/Users/samanthapeterson/turing/3mod2107/projects/snackr_frontend/config/routes.rb": {
        "lines": [
          1,
          null,
          1,
          1,
          1,
          null,
          1,
          1,
          null
        ]
      },
      "/Users/samanthapeterson/turing/3mod2107/projects/snackr_frontend/app/helpers/application_helper.rb": {
        "lines": [
          1,
          null
        ]
      },
      "/Users/samanthapeterson/turing/3mod2107/projects/snackr_frontend/app/controllers/application_controller.rb": {
        "lines": [
          1,
          1,
          null,
          1,
          0,
          null,
          null,
          1,
          0,
          null,
          null
        ]
      },
      "/Users/samanthapeterson/turing/3mod2107/projects/snackr_frontend/app/controllers/food_search_controller.rb": {
        "lines": [
          1,
          null,
          1,
          3,
          1,
          null,
          null,
          null
        ]
      },
      "/Users/samanthapeterson/turing/3mod2107/projects/snackr_frontend/app/services/backend_service.rb": {
        "lines": [
          1,
          null,
          1,
          0,
          0,
          null,
          null,
          1,
          0,
          0,
          null,
          null,
          1,
          0,
          0,
          null,
          null,
          1,
          0,
          0,
          null,
          null,
          1,
          0,
          0,
          null,
          null,
          1,
          0,
          0,
          null,
          null,
          1,
          0,
          0,
          null,
          null,
          null,
          1,
          0,
          null,
          null
        ]
      },
      "/Users/samanthapeterson/turing/3mod2107/projects/snackr_frontend/app/facades/backend_facade.rb": {
        "lines": [
          1,
          1,
          0,
          0,
          null,
          0,
          null,
          null,
          null,
          null,
          0,
          0,
          null,
          null,
          null,
          1,
          0,
          0,
          0,
          0,
          null,
          null,
          null,
          1,
          1,
          1,
          1,
          2,
          2,
          null,
          null,
          null,
          1,
          0,
          0,
          null,
          null
        ]
      },
      "/Users/samanthapeterson/turing/3mod2107/projects/snackr_frontend/app/poros/food.rb": {
        "lines": [
          1,
          1,
          1,
          2,
          2,
          null,
          null
        ]
      }
    },
    "timestamp": 1636309984
  }
}
